20-Jul-2020 12:48:55.556 信息 [main] org.apache.catalina.startup.VersionLoggerListener.log Server.服务器版本: Apache Tomcat/9.0.37
20-Jul-2020 12:48:55.560 信息 [main] org.apache.catalina.startup.VersionLoggerListener.log 服务器构建:        Jun 30 2020 20:09:49 UTC
20-Jul-2020 12:48:55.561 信息 [main] org.apache.catalina.startup.VersionLoggerListener.log 服务器版本号(:     9.0.37.0
20-Jul-2020 12:48:55.562 信息 [main] org.apache.catalina.startup.VersionLoggerListener.log 操作系统名称:      Windows 10
20-Jul-2020 12:48:55.562 信息 [main] org.apache.catalina.startup.VersionLoggerListener.log OS.版本:           10.0
20-Jul-2020 12:48:55.562 信息 [main] org.apache.catalina.startup.VersionLoggerListener.log 架构:              amd64
20-Jul-2020 12:48:55.562 信息 [main] org.apache.catalina.startup.VersionLoggerListener.log Java 环境变量:     C:\Program Files\Java\jre1.8.0_202
20-Jul-2020 12:48:55.563 信息 [main] org.apache.catalina.startup.VersionLoggerListener.log Java虚拟机版本:    1.8.0_202-b08
20-Jul-2020 12:48:55.563 信息 [main] org.apache.catalina.startup.VersionLoggerListener.log JVM.供应商:        Oracle Corporation
20-Jul-2020 12:48:55.563 信息 [main] org.apache.catalina.startup.VersionLoggerListener.log CATALINA_BASE:     E:\Tomcat\apache-tomcat-9.0.37\apache-tomcat-9.0.37
20-Jul-2020 12:48:55.563 信息 [main] org.apache.catalina.startup.VersionLoggerListener.log CATALINA_HOME:     E:\Tomcat\apache-tomcat-9.0.37\apache-tomcat-9.0.37
20-Jul-2020 12:48:55.564 信息 [main] org.apache.catalina.startup.VersionLoggerListener.log 命令行参数：-Djava.util.logging.config.file=E:\Tomcat\apache-tomcat-9.0.37\apache-tomcat-9.0.37\conf\logging.properties
20-Jul-2020 12:48:55.564 信息 [main] org.apache.catalina.startup.VersionLoggerListener.log 命令行参数：-Djava.util.logging.manager=org.apache.juli.ClassLoaderLogManager
20-Jul-2020 12:48:55.564 信息 [main] org.apache.catalina.startup.VersionLoggerListener.log 命令行参数：-Djdk.tls.ephemeralDHKeySize=2048
20-Jul-2020 12:48:55.564 信息 [main] org.apache.catalina.startup.VersionLoggerListener.log 命令行参数：-Djava.protocol.handler.pkgs=org.apache.catalina.webresources
20-Jul-2020 12:48:55.566 信息 [main] org.apache.catalina.startup.VersionLoggerListener.log 命令行参数：-Dignore.endorsed.dirs=
20-Jul-2020 12:48:55.566 信息 [main] org.apache.catalina.startup.VersionLoggerListener.log 命令行参数：-Dcatalina.base=E:\Tomcat\apache-tomcat-9.0.37\apache-tomcat-9.0.37
20-Jul-2020 12:48:55.566 信息 [main] org.apache.catalina.startup.VersionLoggerListener.log 命令行参数：-Dcatalina.home=E:\Tomcat\apache-tomcat-9.0.37\apache-tomcat-9.0.37
20-Jul-2020 12:48:55.566 信息 [main] org.apache.catalina.startup.VersionLoggerListener.log 命令行参数：-Djava.io.tmpdir=E:\Tomcat\apache-tomcat-9.0.37\apache-tomcat-9.0.37\temp
20-Jul-2020 12:48:55.567 信息 [main] org.apache.catalina.core.AprLifecycleListener.lifecycleEvent 在java.library.path:[C:\Program Files\Java\jre1.8.0_202\bin;C:\Windows\Sun\Java\bin;C:\Windows\system32;C:\Windows;C:\Program Files (x86)\Common Files\Oracle\Java\javapath;C:\Windows\system32;C:\Windows;C:\Windows\System32\Wbem;C:\Windows\System32\WindowsPowerShell\v1.0\;C:\Windows\System32\OpenSSH\;C:\Program Files (x86)\NVIDIA Corporation\PhysX\Common;C:\Program Files\NVIDIA Corporation\NVIDIA NvDLISR;C:\Windows\system32;C:\Windows;C:\Windows\System32\Wbem;C:\Windows\System32\WindowsPowerShell\v1.0\;"C:\Program Files\Java\jdk1.8.0_202\jdk-9.0.4\lib;%JRE_HOME%\lib";C:\Windows\System32\OpenSSH\;C:\Program Files\MySQL\MySQL Utilities 1.6\;E:\Git\cmd;C:\Program Files\TortoiseGit\bin;E:\maven\apache-maven-3.6.3-bin\apache-maven-3.6.3\bin;E:\Tomcat\apache-tomcat-9.0.37\apache-tomcat-9.0.37\bin;C:\Users\25469\AppData\Local\Microsoft\WindowsApps;.]上找不到基于APR的Apache Tomcat本机库，该库允许在生产环境中获得最佳性能
20-Jul-2020 12:48:55.803 信息 [main] org.apache.coyote.AbstractProtocol.init 初始化协议处理器 ["http-nio-8080"]
20-Jul-2020 12:48:55.943 信息 [main] org.apache.catalina.startup.Catalina.load 服务器在[573]毫秒内初始化
20-Jul-2020 12:48:55.970 信息 [main] org.apache.catalina.core.StandardService.startInternal 正在启动服务[Catalina]
20-Jul-2020 12:48:55.970 信息 [main] org.apache.catalina.core.StandardEngine.startInternal 正在启动 Servlet 引擎：[Apache Tomcat/9.0.37]
20-Jul-2020 12:48:55.979 信息 [main] org.apache.catalina.startup.HostConfig.deployDirectory 把web 应用程序部署到目录 [E:\Tomcat\apache-tomcat-9.0.37\apache-tomcat-9.0.37\webapps\docs]
20-Jul-2020 12:48:56.207 信息 [main] org.apache.catalina.startup.HostConfig.deployDirectory Web应用程序目录[E:\Tomcat\apache-tomcat-9.0.37\apache-tomcat-9.0.37\webapps\docs]的部署已在[226]毫秒内完成
20-Jul-2020 12:48:56.216 信息 [main] org.apache.catalina.startup.HostConfig.deployDirectory 把web 应用程序部署到目录 [E:\Tomcat\apache-tomcat-9.0.37\apache-tomcat-9.0.37\webapps\examples]
20-Jul-2020 12:48:56.419 信息 [main] org.apache.catalina.startup.HostConfig.deployDirectory Web应用程序目录[E:\Tomcat\apache-tomcat-9.0.37\apache-tomcat-9.0.37\webapps\examples]的部署已在[203]毫秒内完成
20-Jul-2020 12:48:56.428 信息 [main] org.apache.catalina.startup.HostConfig.deployDirectory 把web 应用程序部署到目录 [E:\Tomcat\apache-tomcat-9.0.37\apache-tomcat-9.0.37\webapps\host-manager]
20-Jul-2020 12:48:56.450 信息 [main] org.apache.catalina.startup.HostConfig.deployDirectory Web应用程序目录[E:\Tomcat\apache-tomcat-9.0.37\apache-tomcat-9.0.37\webapps\host-manager]的部署已在[22]毫秒内完成
20-Jul-2020 12:48:56.456 信息 [main] org.apache.catalina.startup.HostConfig.deployDirectory 把web 应用程序部署到目录 [E:\Tomcat\apache-tomcat-9.0.37\apache-tomcat-9.0.37\webapps\manager]
20-Jul-2020 12:48:56.479 信息 [main] org.apache.catalina.startup.HostConfig.deployDirectory Web应用程序目录[E:\Tomcat\apache-tomcat-9.0.37\apache-tomcat-9.0.37\webapps\manager]的部署已在[22]毫秒内完成
20-Jul-2020 12:48:56.479 信息 [main] org.apache.catalina.startup.HostConfig.deployDirectory 把web 应用程序部署到目录 [E:\Tomcat\apache-tomcat-9.0.37\apache-tomcat-9.0.37\webapps\ROOT]
20-Jul-2020 12:48:56.506 信息 [main] org.apache.catalina.startup.HostConfig.deployDirectory Web应用程序目录[E:\Tomcat\apache-tomcat-9.0.37\apache-tomcat-9.0.37\webapps\ROOT]的部署已在[27]毫秒内完成
20-Jul-2020 12:48:56.518 信息 [main] org.apache.coyote.AbstractProtocol.start 开始协议处理句柄["http-nio-8080"]
20-Jul-2020 12:48:56.523 信息 [main] org.apache.catalina.startup.Catalina.start [579]毫秒后服务器启动
20-Jul-2020 12:49:32.402 信息 [main] org.apache.catalina.startup.VersionLoggerListener.log Server.服务器版本: Apache Tomcat/9.0.37
20-Jul-2020 12:49:32.405 信息 [main] org.apache.catalina.startup.VersionLoggerListener.log 服务器构建:        Jun 30 2020 20:09:49 UTC
20-Jul-2020 12:49:32.405 信息 [main] org.apache.catalina.startup.VersionLoggerListener.log 服务器版本号(:     9.0.37.0
20-Jul-2020 12:49:32.405 信息 [main] org.apache.catalina.startup.VersionLoggerListener.log 操作系统名称:      Windows 10
20-Jul-2020 12:49:32.405 信息 [main] org.apache.catalina.startup.VersionLoggerListener.log OS.版本:           10.0
20-Jul-2020 12:49:32.405 信息 [main] org.apache.catalina.startup.VersionLoggerListener.log 架构:              amd64
20-Jul-2020 12:49:32.406 信息 [main] org.apache.catalina.startup.VersionLoggerListener.log Java 环境变量:     C:\Program Files\Java\jre1.8.0_202
20-Jul-2020 12:49:32.406 信息 [main] org.apache.catalina.startup.VersionLoggerListener.log Java虚拟机版本:    1.8.0_202-b08
20-Jul-2020 12:49:32.406 信息 [main] org.apache.catalina.startup.VersionLoggerListener.log JVM.供应商:        Oracle Corporation
20-Jul-2020 12:49:32.406 信息 [main] org.apache.catalina.startup.VersionLoggerListener.log CATALINA_BASE:     E:\Tomcat\apache-tomcat-9.0.37\apache-tomcat-9.0.37
20-Jul-2020 12:49:32.406 信息 [main] org.apache.catalina.startup.VersionLoggerListener.log CATALINA_HOME:     E:\Tomcat\apache-tomcat-9.0.37\apache-tomcat-9.0.37
20-Jul-2020 12:49:32.407 信息 [main] org.apache.catalina.startup.VersionLoggerListener.log 命令行参数：-Djava.util.logging.config.file=E:\Tomcat\apache-tomcat-9.0.37\apache-tomcat-9.0.37\conf\logging.properties
20-Jul-2020 12:49:32.407 信息 [main] org.apache.catalina.startup.VersionLoggerListener.log 命令行参数：-Djava.util.logging.manager=org.apache.juli.ClassLoaderLogManager
20-Jul-2020 12:49:32.407 信息 [main] org.apache.catalina.startup.VersionLoggerListener.log 命令行参数：-Djdk.tls.ephemeralDHKeySize=2048
20-Jul-2020 12:49:32.407 信息 [main] org.apache.catalina.startup.VersionLoggerListener.log 命令行参数：-Djava.protocol.handler.pkgs=org.apache.catalina.webresources
20-Jul-2020 12:49:32.407 信息 [main] org.apache.catalina.startup.VersionLoggerListener.log 命令行参数：-Dignore.endorsed.dirs=
20-Jul-2020 12:49:32.408 信息 [main] org.apache.catalina.startup.VersionLoggerListener.log 命令行参数：-Dcatalina.base=E:\Tomcat\apache-tomcat-9.0.37\apache-tomcat-9.0.37
20-Jul-2020 12:49:32.409 信息 [main] org.apache.catalina.startup.VersionLoggerListener.log 命令行参数：-Dcatalina.home=E:\Tomcat\apache-tomcat-9.0.37\apache-tomcat-9.0.37
20-Jul-2020 12:49:32.409 信息 [main] org.apache.catalina.startup.VersionLoggerListener.log 命令行参数：-Djava.io.tmpdir=E:\Tomcat\apache-tomcat-9.0.37\apache-tomcat-9.0.37\temp
20-Jul-2020 12:49:32.409 信息 [main] org.apache.catalina.core.AprLifecycleListener.lifecycleEvent 在java.library.path:[C:\Program Files\Java\jre1.8.0_202\bin;C:\Windows\Sun\Java\bin;C:\Windows\system32;C:\Windows;C:\Program Files (x86)\Common Files\Oracle\Java\javapath;C:\Windows\system32;C:\Windows;C:\Windows\System32\Wbem;C:\Windows\System32\WindowsPowerShell\v1.0\;C:\Windows\System32\OpenSSH\;C:\Program Files (x86)\NVIDIA Corporation\PhysX\Common;C:\Program Files\NVIDIA Corporation\NVIDIA NvDLISR;C:\Windows\system32;C:\Windows;C:\Windows\System32\Wbem;C:\Windows\System32\WindowsPowerShell\v1.0\;"C:\Program Files\Java\jdk1.8.0_202\jdk-9.0.4\lib;%JRE_HOME%\lib";C:\Windows\System32\OpenSSH\;C:\Program Files\MySQL\MySQL Utilities 1.6\;E:\Git\cmd;C:\Program Files\TortoiseGit\bin;E:\maven\apache-maven-3.6.3-bin\apache-maven-3.6.3\bin;E:\Tomcat\apache-tomcat-9.0.37\apache-tomcat-9.0.37\bin;C:\Users\25469\AppData\Local\Microsoft\WindowsApps;;.]上找不到基于APR的Apache Tomcat本机库，该库允许在生产环境中获得最佳性能
20-Jul-2020 12:49:32.630 信息 [main] org.apache.coyote.AbstractProtocol.init 初始化协议处理器 ["http-nio-8080"]
20-Jul-2020 12:49:32.746 严重 [main] org.apache.catalina.util.LifecycleBase.handleSubClassException 初始化组件[Connector[HTTP/1.1-8080]]失败。
	org.apache.catalina.LifecycleException: 协议处理程序初始化失败
		at org.apache.catalina.connector.Connector.initInternal(Connector.java:1042)
		at org.apache.catalina.util.LifecycleBase.init(LifecycleBase.java:136)
		at org.apache.catalina.core.StandardService.initInternal(StandardService.java:533)
		at org.apache.catalina.util.LifecycleBase.init(LifecycleBase.java:136)
		at org.apache.catalina.core.StandardServer.initInternal(StandardServer.java:1057)
		at org.apache.catalina.util.LifecycleBase.init(LifecycleBase.java:136)
		at org.apache.catalina.startup.Catalina.load(Catalina.java:690)
		at org.apache.catalina.startup.Catalina.load(Catalina.java:712)
		at sun.reflect.NativeMethodAccessorImpl.invoke0(Native Method)
		at sun.reflect.NativeMethodAccessorImpl.invoke(Unknown Source)
		at sun.reflect.DelegatingMethodAccessorImpl.invoke(Unknown Source)
		at java.lang.reflect.Method.invoke(Unknown Source)
		at org.apache.catalina.startup.Bootstrap.load(Bootstrap.java:302)
		at org.apache.catalina.startup.Bootstrap.main(Bootstrap.java:472)
	Caused by: java.net.BindException: Address already in use: bind
		at sun.nio.ch.Net.bind0(Native Method)
		at sun.nio.ch.Net.bind(Unknown Source)
		at sun.nio.ch.Net.bind(Unknown Source)
		at sun.nio.ch.ServerSocketChannelImpl.bind(Unknown Source)
		at sun.nio.ch.ServerSocketAdaptor.bind(Unknown Source)
		at org.apache.tomcat.util.net.NioEndpoint.initServerSocket(NioEndpoint.java:228)
		at org.apache.tomcat.util.net.NioEndpoint.bind(NioEndpoint.java:211)
		at org.apache.tomcat.util.net.AbstractEndpoint.bindWithCleanup(AbstractEndpoint.java:1141)
		at org.apache.tomcat.util.net.AbstractEndpoint.init(AbstractEndpoint.java:1154)
		at org.apache.coyote.AbstractProtocol.init(AbstractProtocol.java:581)
		at org.apache.coyote.http11.AbstractHttp11Protocol.init(AbstractHttp11Protocol.java:74)
		at org.apache.catalina.connector.Connector.initInternal(Connector.java:1039)
		... 13 more
20-Jul-2020 12:49:32.757 信息 [main] org.apache.catalina.startup.Catalina.load 服务器在[506]毫秒内初始化
20-Jul-2020 12:49:32.773 信息 [main] org.apache.catalina.core.StandardService.startInternal 正在启动服务[Catalina]
20-Jul-2020 12:49:32.774 信息 [main] org.apache.catalina.core.StandardEngine.startInternal 正在启动 Servlet 引擎：[Apache Tomcat/9.0.37]
20-Jul-2020 12:49:32.779 信息 [main] org.apache.catalina.startup.HostConfig.deployDirectory 把web 应用程序部署到目录 [E:\Tomcat\apache-tomcat-9.0.37\apache-tomcat-9.0.37\webapps\docs]
20-Jul-2020 12:49:32.967 信息 [main] org.apache.catalina.startup.HostConfig.deployDirectory Web应用程序目录[E:\Tomcat\apache-tomcat-9.0.37\apache-tomcat-9.0.37\webapps\docs]的部署已在[186]毫秒内完成
20-Jul-2020 12:49:32.974 信息 [main] org.apache.catalina.startup.HostConfig.deployDirectory 把web 应用程序部署到目录 [E:\Tomcat\apache-tomcat-9.0.37\apache-tomcat-9.0.37\webapps\examples]
20-Jul-2020 12:49:33.164 信息 [main] org.apache.catalina.startup.HostConfig.deployDirectory Web应用程序目录[E:\Tomcat\apache-tomcat-9.0.37\apache-tomcat-9.0.37\webapps\examples]的部署已在[189]毫秒内完成
20-Jul-2020 12:49:33.173 信息 [main] org.apache.catalina.startup.HostConfig.deployDirectory 把web 应用程序部署到目录 [E:\Tomcat\apache-tomcat-9.0.37\apache-tomcat-9.0.37\webapps\host-manager]
20-Jul-2020 12:49:33.195 信息 [main] org.apache.catalina.startup.HostConfig.deployDirectory Web应用程序目录[E:\Tomcat\apache-tomcat-9.0.37\apache-tomcat-9.0.37\webapps\host-manager]的部署已在[22]毫秒内完成
20-Jul-2020 12:49:33.201 信息 [main] org.apache.catalina.startup.HostConfig.deployDirectory 把web 应用程序部署到目录 [E:\Tomcat\apache-tomcat-9.0.37\apache-tomcat-9.0.37\webapps\manager]
20-Jul-2020 12:49:33.222 信息 [main] org.apache.catalina.startup.HostConfig.deployDirectory Web应用程序目录[E:\Tomcat\apache-tomcat-9.0.37\apache-tomcat-9.0.37\webapps\manager]的部署已在[20]毫秒内完成
20-Jul-2020 12:49:33.232 信息 [main] org.apache.catalina.startup.HostConfig.deployDirectory 把web 应用程序部署到目录 [E:\Tomcat\apache-tomcat-9.0.37\apache-tomcat-9.0.37\webapps\ROOT]
20-Jul-2020 12:49:33.247 信息 [main] org.apache.catalina.startup.HostConfig.deployDirectory Web应用程序目录[E:\Tomcat\apache-tomcat-9.0.37\apache-tomcat-9.0.37\webapps\ROOT]的部署已在[15]毫秒内完成
20-Jul-2020 12:49:33.250 信息 [main] org.apache.catalina.startup.Catalina.start [492]毫秒后服务器启动
20-Jul-2020 12:49:33.260 严重 [main] org.apache.catalina.core.StandardServer.await 无法在地址[localhost]和端口[8005]上创建服务器关闭套接字（基本端口[8005]和偏移量[0]）
	java.net.BindException: Address already in use: JVM_Bind
		at java.net.DualStackPlainSocketImpl.bind0(Native Method)
		at java.net.DualStackPlainSocketImpl.socketBind(Unknown Source)
		at java.net.AbstractPlainSocketImpl.bind(Unknown Source)
		at java.net.PlainSocketImpl.bind(Unknown Source)
		at java.net.ServerSocket.bind(Unknown Source)
		at java.net.ServerSocket.<init>(Unknown Source)
		at org.apache.catalina.core.StandardServer.await(StandardServer.java:584)
		at org.apache.catalina.startup.Catalina.await(Catalina.java:825)
		at org.apache.catalina.startup.Catalina.start(Catalina.java:771)
		at sun.reflect.NativeMethodAccessorImpl.invoke0(Native Method)
		at sun.reflect.NativeMethodAccessorImpl.invoke(Unknown Source)
		at sun.reflect.DelegatingMethodAccessorImpl.invoke(Unknown Source)
		at java.lang.reflect.Method.invoke(Unknown Source)
		at org.apache.catalina.startup.Bootstrap.start(Bootstrap.java:342)
		at org.apache.catalina.startup.Bootstrap.main(Bootstrap.java:473)
20-Jul-2020 12:49:33.261 信息 [main] org.apache.coyote.AbstractProtocol.pause 暂停ProtocolHandler["http-nio-8080"]
20-Jul-2020 12:49:33.261 信息 [main] org.apache.catalina.core.StandardService.stopInternal 正在停止服务[Catalina]
20-Jul-2020 12:49:33.275 信息 [main] org.apache.coyote.AbstractProtocol.stop 正在停止ProtocolHandler ["http-nio-8080"]
20-Jul-2020 12:49:33.287 信息 [main] org.apache.coyote.AbstractProtocol.destroy 正在摧毁协议处理器 ["http-nio-8080"]
20-Jul-2020 12:50:49.259 信息 [main] org.apache.catalina.startup.VersionLoggerListener.log Server.服务器版本: Apache Tomcat/9.0.37
20-Jul-2020 12:50:49.262 信息 [main] org.apache.catalina.startup.VersionLoggerListener.log 服务器构建:        Jun 30 2020 20:09:49 UTC
20-Jul-2020 12:50:49.263 信息 [main] org.apache.catalina.startup.VersionLoggerListener.log 服务器版本号(:     9.0.37.0
20-Jul-2020 12:50:49.263 信息 [main] org.apache.catalina.startup.VersionLoggerListener.log 操作系统名称:      Windows 10
20-Jul-2020 12:50:49.263 信息 [main] org.apache.catalina.startup.VersionLoggerListener.log OS.版本:           10.0
20-Jul-2020 12:50:49.263 信息 [main] org.apache.catalina.startup.VersionLoggerListener.log 架构:              amd64
20-Jul-2020 12:50:49.263 信息 [main] org.apache.catalina.startup.VersionLoggerListener.log Java 环境变量:     C:\Program Files\Java\jre1.8.0_202
20-Jul-2020 12:50:49.263 信息 [main] org.apache.catalina.startup.VersionLoggerListener.log Java虚拟机版本:    1.8.0_202-b08
20-Jul-2020 12:50:49.264 信息 [main] org.apache.catalina.startup.VersionLoggerListener.log JVM.供应商:        Oracle Corporation
20-Jul-2020 12:50:49.264 信息 [main] org.apache.catalina.startup.VersionLoggerListener.log CATALINA_BASE:     E:\Tomcat\apache-tomcat-9.0.37\apache-tomcat-9.0.37
20-Jul-2020 12:50:49.264 信息 [main] org.apache.catalina.startup.VersionLoggerListener.log CATALINA_HOME:     E:\Tomcat\apache-tomcat-9.0.37\apache-tomcat-9.0.37
20-Jul-2020 12:50:49.264 信息 [main] org.apache.catalina.startup.VersionLoggerListener.log 命令行参数：-Djava.util.logging.config.file=E:\Tomcat\apache-tomcat-9.0.37\apache-tomcat-9.0.37\conf\logging.properties
20-Jul-2020 12:50:49.264 信息 [main] org.apache.catalina.startup.VersionLoggerListener.log 命令行参数：-Djava.util.logging.manager=org.apache.juli.ClassLoaderLogManager
20-Jul-2020 12:50:49.264 信息 [main] org.apache.catalina.startup.VersionLoggerListener.log 命令行参数：-Djdk.tls.ephemeralDHKeySize=2048
20-Jul-2020 12:50:49.264 信息 [main] org.apache.catalina.startup.VersionLoggerListener.log 命令行参数：-Djava.protocol.handler.pkgs=org.apache.catalina.webresources
20-Jul-2020 12:50:49.264 信息 [main] org.apache.catalina.startup.VersionLoggerListener.log 命令行参数：-Dignore.endorsed.dirs=
20-Jul-2020 12:50:49.265 信息 [main] org.apache.catalina.startup.VersionLoggerListener.log 命令行参数：-Dcatalina.base=E:\Tomcat\apache-tomcat-9.0.37\apache-tomcat-9.0.37
20-Jul-2020 12:50:49.265 信息 [main] org.apache.catalina.startup.VersionLoggerListener.log 命令行参数：-Dcatalina.home=E:\Tomcat\apache-tomcat-9.0.37\apache-tomcat-9.0.37
20-Jul-2020 12:50:49.266 信息 [main] org.apache.catalina.startup.VersionLoggerListener.log 命令行参数：-Djava.io.tmpdir=E:\Tomcat\apache-tomcat-9.0.37\apache-tomcat-9.0.37\temp
20-Jul-2020 12:50:49.267 信息 [main] org.apache.catalina.core.AprLifecycleListener.lifecycleEvent 在java.library.path:[C:\Program Files\Java\jre1.8.0_202\bin;C:\Windows\Sun\Java\bin;C:\Windows\system32;C:\Windows;C:\Program Files (x86)\Common Files\Oracle\Java\javapath;C:\Windows\system32;C:\Windows;C:\Windows\System32\Wbem;C:\Windows\System32\WindowsPowerShell\v1.0\;C:\Windows\System32\OpenSSH\;C:\Program Files (x86)\NVIDIA Corporation\PhysX\Common;C:\Program Files\NVIDIA Corporation\NVIDIA NvDLISR;C:\Windows\system32;C:\Windows;C:\Windows\System32\Wbem;C:\Windows\System32\WindowsPowerShell\v1.0\;"C:\Program Files\Java\jdk1.8.0_202\jdk-9.0.4\lib;%JRE_HOME%\lib";C:\Windows\System32\OpenSSH\;C:\Program Files\MySQL\MySQL Utilities 1.6\;E:\Git\cmd;C:\Program Files\TortoiseGit\bin;E:\maven\apache-maven-3.6.3-bin\apache-maven-3.6.3\bin;E:\Tomcat\apache-tomcat-9.0.37\apache-tomcat-9.0.37\bin;C:\Users\25469\AppData\Local\Microsoft\WindowsApps;;.]上找不到基于APR的Apache Tomcat本机库，该库允许在生产环境中获得最佳性能
20-Jul-2020 12:50:49.504 信息 [main] org.apache.coyote.AbstractProtocol.init 初始化协议处理器 ["http-nio-8080"]
20-Jul-2020 12:50:49.634 信息 [main] org.apache.catalina.startup.Catalina.load 服务器在[529]毫秒内初始化
20-Jul-2020 12:50:49.654 信息 [main] org.apache.catalina.core.StandardService.startInternal 正在启动服务[Catalina]
20-Jul-2020 12:50:49.655 信息 [main] org.apache.catalina.core.StandardEngine.startInternal 正在启动 Servlet 引擎：[Apache Tomcat/9.0.37]
20-Jul-2020 12:50:49.663 信息 [main] org.apache.catalina.startup.HostConfig.deployDirectory 把web 应用程序部署到目录 [E:\Tomcat\apache-tomcat-9.0.37\apache-tomcat-9.0.37\webapps\docs]
20-Jul-2020 12:50:49.855 信息 [main] org.apache.catalina.startup.HostConfig.deployDirectory Web应用程序目录[E:\Tomcat\apache-tomcat-9.0.37\apache-tomcat-9.0.37\webapps\docs]的部署已在[191]毫秒内完成
20-Jul-2020 12:50:49.856 信息 [main] org.apache.catalina.startup.HostConfig.deployDirectory 把web 应用程序部署到目录 [E:\Tomcat\apache-tomcat-9.0.37\apache-tomcat-9.0.37\webapps\examples]
20-Jul-2020 12:50:50.061 信息 [main] org.apache.catalina.startup.HostConfig.deployDirectory Web应用程序目录[E:\Tomcat\apache-tomcat-9.0.37\apache-tomcat-9.0.37\webapps\examples]的部署已在[204]毫秒内完成
20-Jul-2020 12:50:50.061 信息 [main] org.apache.catalina.startup.HostConfig.deployDirectory 把web 应用程序部署到目录 [E:\Tomcat\apache-tomcat-9.0.37\apache-tomcat-9.0.37\webapps\host-manager]
20-Jul-2020 12:50:50.083 信息 [main] org.apache.catalina.startup.HostConfig.deployDirectory Web应用程序目录[E:\Tomcat\apache-tomcat-9.0.37\apache-tomcat-9.0.37\webapps\host-manager]的部署已在[22]毫秒内完成
20-Jul-2020 12:50:50.084 信息 [main] org.apache.catalina.startup.HostConfig.deployDirectory 把web 应用程序部署到目录 [E:\Tomcat\apache-tomcat-9.0.37\apache-tomcat-9.0.37\webapps\manager]
20-Jul-2020 12:50:50.101 信息 [main] org.apache.catalina.startup.HostConfig.deployDirectory Web应用程序目录[E:\Tomcat\apache-tomcat-9.0.37\apache-tomcat-9.0.37\webapps\manager]的部署已在[18]毫秒内完成
20-Jul-2020 12:50:50.101 信息 [main] org.apache.catalina.startup.HostConfig.deployDirectory 把web 应用程序部署到目录 [E:\Tomcat\apache-tomcat-9.0.37\apache-tomcat-9.0.37\webapps\ROOT]
20-Jul-2020 12:50:50.117 信息 [main] org.apache.catalina.startup.HostConfig.deployDirectory Web应用程序目录[E:\Tomcat\apache-tomcat-9.0.37\apache-tomcat-9.0.37\webapps\ROOT]的部署已在[16]毫秒内完成
20-Jul-2020 12:50:50.120 信息 [main] org.apache.coyote.AbstractProtocol.start 开始协议处理句柄["http-nio-8080"]
20-Jul-2020 12:50:50.126 信息 [main] org.apache.catalina.startup.Catalina.start [491]毫秒后服务器启动
20-Jul-2020 12:52:45.396 信息 [main] org.apache.catalina.startup.VersionLoggerListener.log Server.服务器版本: Apache Tomcat/9.0.37
20-Jul-2020 12:52:45.399 信息 [main] org.apache.catalina.startup.VersionLoggerListener.log 服务器构建:        Jun 30 2020 20:09:49 UTC
20-Jul-2020 12:52:45.400 信息 [main] org.apache.catalina.startup.VersionLoggerListener.log 服务器版本号(:     9.0.37.0
20-Jul-2020 12:52:45.400 信息 [main] org.apache.catalina.startup.VersionLoggerListener.log 操作系统名称:      Windows 10
20-Jul-2020 12:52:45.400 信息 [main] org.apache.catalina.startup.VersionLoggerListener.log OS.版本:           10.0
20-Jul-2020 12:52:45.400 信息 [main] org.apache.catalina.startup.VersionLoggerListener.log 架构:              amd64
20-Jul-2020 12:52:45.400 信息 [main] org.apache.catalina.startup.VersionLoggerListener.log Java 环境变量:     C:\Program Files\Java\jre1.8.0_202
20-Jul-2020 12:52:45.401 信息 [main] org.apache.catalina.startup.VersionLoggerListener.log Java虚拟机版本:    1.8.0_202-b08
20-Jul-2020 12:52:45.401 信息 [main] org.apache.catalina.startup.VersionLoggerListener.log JVM.供应商:        Oracle Corporation
20-Jul-2020 12:52:45.401 信息 [main] org.apache.catalina.startup.VersionLoggerListener.log CATALINA_BASE:     E:\Tomcat\apache-tomcat-9.0.37\apache-tomcat-9.0.37
20-Jul-2020 12:52:45.401 信息 [main] org.apache.catalina.startup.VersionLoggerListener.log CATALINA_HOME:     E:\Tomcat\apache-tomcat-9.0.37\apache-tomcat-9.0.37
20-Jul-2020 12:52:45.402 信息 [main] org.apache.catalina.startup.VersionLoggerListener.log 命令行参数：-Djava.util.logging.config.file=E:\Tomcat\apache-tomcat-9.0.37\apache-tomcat-9.0.37\conf\logging.properties
20-Jul-2020 12:52:45.402 信息 [main] org.apache.catalina.startup.VersionLoggerListener.log 命令行参数：-Djava.util.logging.manager=org.apache.juli.ClassLoaderLogManager
20-Jul-2020 12:52:45.402 信息 [main] org.apache.catalina.startup.VersionLoggerListener.log 命令行参数：-Djdk.tls.ephemeralDHKeySize=2048
20-Jul-2020 12:52:45.402 信息 [main] org.apache.catalina.startup.VersionLoggerListener.log 命令行参数：-Djava.protocol.handler.pkgs=org.apache.catalina.webresources
20-Jul-2020 12:52:45.402 信息 [main] org.apache.catalina.startup.VersionLoggerListener.log 命令行参数：-Dignore.endorsed.dirs=
20-Jul-2020 12:52:45.402 信息 [main] org.apache.catalina.startup.VersionLoggerListener.log 命令行参数：-Dcatalina.base=E:\Tomcat\apache-tomcat-9.0.37\apache-tomcat-9.0.37
20-Jul-2020 12:52:45.402 信息 [main] org.apache.catalina.startup.VersionLoggerListener.log 命令行参数：-Dcatalina.home=E:\Tomcat\apache-tomcat-9.0.37\apache-tomcat-9.0.37
20-Jul-2020 12:52:45.403 信息 [main] org.apache.catalina.startup.VersionLoggerListener.log 命令行参数：-Djava.io.tmpdir=E:\Tomcat\apache-tomcat-9.0.37\apache-tomcat-9.0.37\temp
20-Jul-2020 12:52:45.403 信息 [main] org.apache.catalina.core.AprLifecycleListener.lifecycleEvent 在java.library.path:[C:\Program Files\Java\jre1.8.0_202\bin;C:\Windows\Sun\Java\bin;C:\Windows\system32;C:\Windows;C:\Program Files (x86)\Common Files\Oracle\Java\javapath;C:\Windows\system32;C:\Windows;C:\Windows\System32\Wbem;C:\Windows\System32\WindowsPowerShell\v1.0\;C:\Windows\System32\OpenSSH\;C:\Program Files (x86)\NVIDIA Corporation\PhysX\Common;C:\Program Files\NVIDIA Corporation\NVIDIA NvDLISR;C:\Windows\system32;C:\Windows;C:\Windows\System32\Wbem;C:\Windows\System32\WindowsPowerShell\v1.0\;"C:\Program Files\Java\jdk1.8.0_202\jdk-9.0.4\lib;%JRE_HOME%\lib";C:\Windows\System32\OpenSSH\;C:\Program Files\MySQL\MySQL Utilities 1.6\;E:\Git\cmd;C:\Program Files\TortoiseGit\bin;E:\maven\apache-maven-3.6.3-bin\apache-maven-3.6.3\bin;E:\Tomcat\apache-tomcat-9.0.37\apache-tomcat-9.0.37\bin;C:\Users\25469\AppData\Local\Microsoft\WindowsApps;;.]上找不到基于APR的Apache Tomcat本机库，该库允许在生产环境中获得最佳性能
20-Jul-2020 12:52:45.636 信息 [main] org.apache.coyote.AbstractProtocol.init 初始化协议处理器 ["http-nio-8080"]
20-Jul-2020 12:52:45.759 信息 [main] org.apache.catalina.startup.Catalina.load 服务器在[509]毫秒内初始化
20-Jul-2020 12:52:45.779 信息 [main] org.apache.catalina.core.StandardService.startInternal 正在启动服务[Catalina]
20-Jul-2020 12:52:45.779 信息 [main] org.apache.catalina.core.StandardEngine.startInternal 正在启动 Servlet 引擎：[Apache Tomcat/9.0.37]
20-Jul-2020 12:52:45.786 信息 [main] org.apache.catalina.startup.HostConfig.deployDirectory 把web 应用程序部署到目录 [E:\Tomcat\apache-tomcat-9.0.37\apache-tomcat-9.0.37\webapps\docs]
20-Jul-2020 12:52:45.969 信息 [main] org.apache.catalina.startup.HostConfig.deployDirectory Web应用程序目录[E:\Tomcat\apache-tomcat-9.0.37\apache-tomcat-9.0.37\webapps\docs]的部署已在[180]毫秒内完成
20-Jul-2020 12:52:45.969 信息 [main] org.apache.catalina.startup.HostConfig.deployDirectory 把web 应用程序部署到目录 [E:\Tomcat\apache-tomcat-9.0.37\apache-tomcat-9.0.37\webapps\examples]
20-Jul-2020 12:52:46.166 信息 [main] org.apache.catalina.startup.HostConfig.deployDirectory Web应用程序目录[E:\Tomcat\apache-tomcat-9.0.37\apache-tomcat-9.0.37\webapps\examples]的部署已在[197]毫秒内完成
20-Jul-2020 12:52:46.166 信息 [main] org.apache.catalina.startup.HostConfig.deployDirectory 把web 应用程序部署到目录 [E:\Tomcat\apache-tomcat-9.0.37\apache-tomcat-9.0.37\webapps\host-manager]
20-Jul-2020 12:52:46.187 信息 [main] org.apache.catalina.startup.HostConfig.deployDirectory Web应用程序目录[E:\Tomcat\apache-tomcat-9.0.37\apache-tomcat-9.0.37\webapps\host-manager]的部署已在[21]毫秒内完成
20-Jul-2020 12:52:46.187 信息 [main] org.apache.catalina.startup.HostConfig.deployDirectory 把web 应用程序部署到目录 [E:\Tomcat\apache-tomcat-9.0.37\apache-tomcat-9.0.37\webapps\manager]
20-Jul-2020 12:52:46.211 信息 [main] org.apache.catalina.startup.HostConfig.deployDirectory Web应用程序目录[E:\Tomcat\apache-tomcat-9.0.37\apache-tomcat-9.0.37\webapps\manager]的部署已在[24]毫秒内完成
20-Jul-2020 12:52:46.212 信息 [main] org.apache.catalina.startup.HostConfig.deployDirectory 把web 应用程序部署到目录 [E:\Tomcat\apache-tomcat-9.0.37\apache-tomcat-9.0.37\webapps\ROOT]
20-Jul-2020 12:52:46.229 信息 [main] org.apache.catalina.startup.HostConfig.deployDirectory Web应用程序目录[E:\Tomcat\apache-tomcat-9.0.37\apache-tomcat-9.0.37\webapps\ROOT]的部署已在[16]毫秒内完成
20-Jul-2020 12:52:46.232 信息 [main] org.apache.coyote.AbstractProtocol.start 开始协议处理句柄["http-nio-8080"]
20-Jul-2020 12:52:46.239 信息 [main] org.apache.catalina.startup.Catalina.start [479]毫秒后服务器启动
20-Jul-2020 12:52:49.477 信息 [main] org.apache.catalina.core.StandardServer.await 通过关闭端口接收到有效的关闭命令。正在停止服务器实例。
20-Jul-2020 12:52:49.478 信息 [main] org.apache.coyote.AbstractProtocol.pause 暂停ProtocolHandler["http-nio-8080"]
20-Jul-2020 12:52:49.602 信息 [main] org.apache.catalina.core.StandardService.stopInternal 正在停止服务[Catalina]
20-Jul-2020 12:52:49.618 信息 [main] org.apache.coyote.AbstractProtocol.stop 正在停止ProtocolHandler ["http-nio-8080"]
20-Jul-2020 12:52:49.619 信息 [main] org.apache.coyote.AbstractProtocol.destroy 正在摧毁协议处理器 ["http-nio-8080"]
